[debug] [2021-05-11T22:38:08.408Z] ----------------------------------------------------------------------
[debug] [2021-05-11T22:38:08.410Z] Command:       /usr/local/bin/node /usr/local/bin/firebase deploy
[debug] [2021-05-11T22:38:08.411Z] CLI Version:   8.7.0
[debug] [2021-05-11T22:38:08.411Z] Platform:      darwin
[debug] [2021-05-11T22:38:08.411Z] Node Version:  v10.16.0
[debug] [2021-05-11T22:38:08.412Z] Time:          Tue May 11 2021 23:38:08 GMT+0100 (British Summer Time)
[debug] [2021-05-11T22:38:08.412Z] ----------------------------------------------------------------------
[debug] [2021-05-11T22:38:08.412Z] 
[debug] [2021-05-11T22:38:08.427Z] > command requires scopes: ["email","openid","https://www.googleapis.com/auth/cloudplatformprojects.readonly","https://www.googleapis.com/auth/firebase","https://www.googleapis.com/auth/cloud-platform"]
[debug] [2021-05-11T22:38:08.427Z] > authorizing via signed-in user
[debug] [2021-05-11T22:38:08.427Z] [iam] checking project itracker-development for permissions ["firebase.projects.get","firebasehosting.sites.update"]
[debug] [2021-05-11T22:38:08.431Z] >>> HTTP REQUEST POST https://cloudresourcemanager.googleapis.com/v1/projects/itracker-development:testIamPermissions  
 {"permissions":["firebase.projects.get","firebasehosting.sites.update"]}
[debug] [2021-05-11T22:38:09.166Z] <<< HTTP RESPONSE 200 {"content-type":"application/json; charset=UTF-8","vary":"X-Origin, Referer, Origin,Accept-Encoding","date":"Tue, 11 May 2021 22:38:09 GMT","server":"ESF","cache-control":"private","x-xss-protection":"0","x-frame-options":"SAMEORIGIN","x-content-type-options":"nosniff","server-timing":"gfet4t7; dur=544","alt-svc":"h3-29=\":443\"; ma=2592000,h3-T051=\":443\"; ma=2592000,h3-Q050=\":443\"; ma=2592000,h3-Q046=\":443\"; ma=2592000,h3-Q043=\":443\"; ma=2592000,quic=\":443\"; ma=2592000; v=\"46,43\"","accept-ranges":"none","transfer-encoding":"chunked"}
[debug] [2021-05-11T22:38:09.168Z] >>> HTTP REQUEST GET https://firebase.googleapis.com/v1beta1/projects/itracker-development  
 
[debug] [2021-05-11T22:38:09.376Z] <<< HTTP RESPONSE 200 {"content-type":"application/json; charset=UTF-8","vary":"X-Origin, Referer, Origin,Accept-Encoding","date":"Tue, 11 May 2021 22:38:09 GMT","server":"ESF","cache-control":"private","x-xss-protection":"0","x-frame-options":"SAMEORIGIN","x-content-type-options":"nosniff","alt-svc":"h3-29=\":443\"; ma=2592000,h3-T051=\":443\"; ma=2592000,h3-Q050=\":443\"; ma=2592000,h3-Q046=\":443\"; ma=2592000,h3-Q043=\":443\"; ma=2592000,quic=\":443\"; ma=2592000; v=\"46,43\"","accept-ranges":"none","transfer-encoding":"chunked"}
[debug] [2021-05-11T22:38:09.377Z] [WARNING] Unable to fetch default resources. Falling back to project id (itracker-development)
[info] 
[info] === Deploying to 'itracker-development'...
[info] 
[info] i  deploying hosting 
[debug] [2021-05-11T22:38:09.381Z] >>> HTTP REQUEST POST https://firebasehosting.googleapis.com/v1beta1/sites/itracker-development/versions  
 {"config":{"rewrites":[{"glob":"**","path":"/index.html"}]},"labels":{"deployment-tool":"cli-firebase"}}
